2024-01-06 23:40:34,692 INFO TestWithLogin [main] Драйвер поднят
2024-01-06 23:41:08,140 INFO TestWithLogin [main] Открыта страница отус
2024-01-06 23:42:55,017 INFO TestWithLogin [main] Драйвер поднят
2024-01-06 23:43:00,148 INFO TestWithLogin [main] Открыта страница отус
2024-01-06 23:43:46,787 INFO TestWithLogin [main] Драйвер поднят
2024-01-06 23:43:51,656 INFO TestWithLogin [main] Открыта страница отус
2024-01-06 23:44:17,031 INFO TestWithLogin [main] Драйвер поднят
2024-01-06 23:44:22,346 INFO TestWithLogin [main] Открыта страница отус
2024-01-06 23:46:32,018 INFO TestWithLogin [main] Драйвер поднят
2024-01-06 23:46:35,603 INFO TestWithLogin [main] Открыта страница отус
2024-01-06 23:47:01,645 INFO TestWithLogin [main] Драйвер поднят
2024-01-06 23:47:06,126 INFO TestWithLogin [main] Открыта страница отус
2024-01-06 23:48:43,501 INFO TestWithLogin [main] Драйвер поднят
2024-01-06 23:48:44,042 INFO TestWithLogin [main] Открыта страница отус
2024-01-06 23:49:14,676 INFO TestWithLogin [main] Драйвер поднят
2024-01-06 23:49:20,488 INFO TestWithLogin [main] Открыта страница отус
2024-01-06 23:53:09,470 INFO TestWithLogin [main] Драйвер поднят
2024-01-06 23:53:13,568 INFO TestWithLogin [main] Открыта страница отус
2024-01-06 23:57:20,305 INFO TestWithLogin [main] Драйвер поднят
2024-01-06 23:57:24,220 INFO TestWithLogin [main] Открыта страница отус
2024-01-06 23:58:10,088 INFO TestWithLogin [main] Драйвер поднят
2024-01-06 23:58:14,557 INFO TestWithLogin [main] Открыта страница отус
2024-01-07 08:45:36,080 INFO TestWithLogin [main] Драйвер поднят
2024-01-07 08:45:38,779 INFO TestWithLogin [main] Открыта страница отус
2024-01-07 08:49:48,096 INFO TestWithLogin [main] Драйвер поднят
2024-01-07 08:49:48,493 INFO TestWithLogin [main] Открыта страница отус
2024-01-07 11:34:40,012 INFO TestWithLogin [main] Драйвер поднят
2024-01-07 11:34:44,021 INFO TestWithLogin [main] Открыта страница отус
2024-01-07 11:34:49,823 INFO TestWithLogin [main] Вход не осуществлен. Имя пользователя не найдено.
2024-01-08 00:13:50,669 INFO TestWithLogin [main] Драйвер поднят
2024-01-08 00:13:58,874 INFO TestWithLogin [main] Открыта страница отус
2024-01-08 00:14:04,565 INFO TestWithLogin [main] Вход не осуществлен. Имя пользователя не найдено.
2024-01-08 00:18:43,987 INFO TestWithLogin [main] Драйвер поднят
2024-01-08 00:18:48,779 INFO TestWithLogin [main] Открыта страница отус
2024-01-08 00:18:54,521 INFO TestWithLogin [main] Вход не осуществлен. Имя пользователя не найдено.
2024-01-08 00:18:54,537 INFO TestWithLogin [main] [_ym_uid=170466232792462398; expires=вт, 07 янв. 2025 12:18:47 MSK; path=/; domain=.otus.ru;secure;; sameSite=None, advcake_track_id=1c857c13-269d-2736-c4bd-0557a7de39c8; expires=ср, 07 февр. 2024 12:18:47 MSK; path=/; domain=.otus.ru;secure;; sameSite=None, _ym_isad=2; expires=пн, 08 янв. 2024 08:18:47 MSK; path=/; domain=.otus.ru;secure;; sameSite=None, _ga=GA1.1.1840018256.1704662327; expires=вт, 11 февр. 2025 12:18:47 MSK; path=/; domain=.otus.ru; sameSite=Lax, _ga_N2GWLW9R5Z=GS1.1.1704662327.1.0.1704662329.58.0.0; expires=вт, 11 февр. 2025 12:18:50 MSK; path=/; domain=.otus.ru; sameSite=Lax, oid=934fb02fa21f9a8bc318e88880870f51; expires=вт, 11 февр. 2025 12:18:49 MSK; path=/; domain=.otus.ru; sameSite=Lax, _ym_d=1704662327; expires=вт, 07 янв. 2025 12:18:47 MSK; path=/; domain=.otus.ru;secure;; sameSite=None, _ttp=ttKrPHPsK6APmz-Lkr_7MFOM111; expires=сб, 01 февр. 2025 12:18:47 MSK; path=/; domain=.otus.ru; sameSite=Lax, _tt_enable_cookie=1; expires=сб, 01 февр. 2025 12:18:47 MSK; path=/; domain=.otus.ru; sameSite=Lax, _ym_visorc=w; expires=пн, 08 янв. 2024 12:48:48 MSK; path=/; domain=.otus.ru;secure;; sameSite=None, utm=utm_source%3Dtypein%26utm_medium%3Ddirect; expires=вт, 11 февр. 2025 12:18:49 MSK; path=/; domain=.otus.ru; sameSite=Lax, advcake_session_id=74ce1280-15eb-72ec-148e-886cb74d2244; expires=ср, 07 февр. 2024 12:18:47 MSK; path=/; domain=.otus.ru;secure;; sameSite=None]
2024-01-09 22:30:11,597 INFO TestWithLogin [main] Драйвер поднят
2024-01-09 22:30:11,602 INFO TestWithLogin [main] this is info
2024-01-09 22:30:11,695 INFO TestWithLogin [main] Драйвер поднят
2024-01-09 22:30:15,978 INFO TestWithLogin [main] Открыта страница отус
2024-01-09 22:30:21,599 INFO TestWithLogin [main] Вход не осуществлен. Имя пользователя не найдено.
2024-01-09 22:30:21,663 INFO TestWithLogin [main] [auth_token_expires=1799436618; expires=Wed, 12 Feb 2025 10:30:17 MSK; path=/; domain=.otus.ru; sameSite=Lax, advcake_track_id=32358464-d2c2-aa1c-31e0-7131990e8f46; expires=Thu, 08 Feb 2024 10:30:15 MSK; path=/; domain=.otus.ru;secure;; sameSite=None, oid=601afff6ad6e55da827becd7b6ed3924; expires=Wed, 12 Feb 2025 10:30:17 MSK; path=/; domain=.otus.ru; sameSite=Lax, sessionid=nc2nakasc62bq6dhgxk61fwfl7agwm8l; expires=Mon, 08 Apr 2024 10:30:17 MSK; path=/; domain=otus.ru;secure;; sameSite=Lax, _ym_d=1704828615; expires=Wed, 08 Jan 2025 10:30:14 MSK; path=/; domain=.otus.ru;secure;; sameSite=None, _tt_enable_cookie=1; expires=Sun, 02 Feb 2025 10:30:15 MSK; path=/; domain=.otus.ru; sameSite=Lax, _ym_visorc=w; expires=Tue, 09 Jan 2024 11:00:15 MSK; path=/; domain=.otus.ru;secure;; sameSite=None, utm=utm_source%3Dtypein%26utm_medium%3Ddirect; expires=Wed, 12 Feb 2025 10:30:17 MSK; path=/; domain=.otus.ru; sameSite=Lax, _ym_uid=1704828615588802360; expires=Wed, 08 Jan 2025 10:30:14 MSK; path=/; domain=.otus.ru;secure;; sameSite=None, _ym_isad=2; expires=Wed, 10 Jan 2024 06:30:14 MSK; path=/; domain=.otus.ru;secure;; sameSite=None, _ga=GA1.1.215958977.1704828614; expires=Wed, 12 Feb 2025 10:30:14 MSK; path=/; domain=.otus.ru; sameSite=Lax, _ga_N2GWLW9R5Z=GS1.1.1704828614.1.0.1704828614.60.0.0; expires=Wed, 12 Feb 2025 10:30:14 MSK; path=/; domain=.otus.ru; sameSite=Lax, auth_token=Z-wmk2y9vEREO7TRpEC2uQ; expires=Wed, 12 Feb 2025 10:30:17 MSK; path=/; domain=.otus.ru; sameSite=Lax, _ttp=VzG7AZOoa9exYKMixRQ6MXq6Id6; expires=Sun, 02 Feb 2025 10:30:15 MSK; path=/; domain=.otus.ru; sameSite=Lax, advcake_session_id=d7dfd789-c279-0f11-7e91-1c28a5e80a25; expires=Thu, 08 Feb 2024 10:30:15 MSK; path=/; domain=.otus.ru;secure;; sameSite=None]
2024-01-09 22:33:46,440 INFO TestWithLogin [main] Драйвер поднят
2024-01-09 22:33:46,443 INFO TestWithLogin [main] this is info
2024-01-09 22:34:14,654 INFO TestWithLogin [main] Драйвер поднят
2024-01-09 22:34:14,658 INFO TestWithLogin [main] this is info
2024-01-09 22:35:15,809 INFO TestWithLogin [main] Драйвер поднят
2024-01-09 22:35:15,815 INFO TestWithLogin [main] this is info
2024-01-09 22:35:41,967 INFO TestWithLogin [main] Драйвер поднят
2024-01-09 22:35:41,972 INFO TestWithLogin [main] this is info
2024-01-09 22:36:14,178 INFO TestWithLogin [main] Драйвер поднят
2024-01-09 22:36:17,484 INFO TestWithLogin [main] Открыта страница отус
2024-01-09 22:36:23,228 INFO TestWithLogin [main] Вход осуществлен. Имя пользователя найдено
2024-01-09 22:36:23,267 INFO TestWithLogin [main] [auth_token_expires=1799436979; expires=Wed, 12 Feb 2025 10:36:19 MSK; path=/; domain=.otus.ru; sameSite=Lax, advcake_track_id=040fee0a-24d9-01c3-be03-c40fc4b533d4; expires=Thu, 08 Feb 2024 10:36:16 MSK; path=/; domain=.otus.ru;secure;; sameSite=None, oid=601afff6ad6e55da827becd7b6ed3924; expires=Wed, 12 Feb 2025 10:36:19 MSK; path=/; domain=.otus.ru; sameSite=Lax, sessionid=btr6fzuk6qsz6z3jqoqp5s9z676b28pi; expires=Mon, 08 Apr 2024 10:36:19 MSK; path=/; domain=otus.ru;secure;; sameSite=Lax, _ym_d=1704828977; expires=Wed, 08 Jan 2025 10:36:16 MSK; path=/; domain=.otus.ru;secure;; sameSite=None, _tt_enable_cookie=1; expires=Sun, 02 Feb 2025 10:36:17 MSK; path=/; domain=.otus.ru; sameSite=Lax, _ym_visorc=w; expires=Tue, 09 Jan 2024 11:06:17 MSK; path=/; domain=.otus.ru;secure;; sameSite=None, utm=utm_source%3Dtypein%26utm_medium%3Ddirect; expires=Wed, 12 Feb 2025 10:36:19 MSK; path=/; domain=.otus.ru; sameSite=Lax, _ym_uid=1704828977840500043; expires=Wed, 08 Jan 2025 10:36:16 MSK; path=/; domain=.otus.ru;secure;; sameSite=None, _ym_isad=2; expires=Wed, 10 Jan 2024 06:36:16 MSK; path=/; domain=.otus.ru;secure;; sameSite=None, _ga=GA1.1.547503959.1704828977; expires=Wed, 12 Feb 2025 10:36:16 MSK; path=/; domain=.otus.ru; sameSite=Lax, _ga_N2GWLW9R5Z=GS1.1.1704828976.1.0.1704828976.60.0.0; expires=Wed, 12 Feb 2025 10:36:16 MSK; path=/; domain=.otus.ru; sameSite=Lax, auth_token=bkETTZ-r-Sep3vWEVjk1AA; expires=Wed, 12 Feb 2025 10:36:19 MSK; path=/; domain=.otus.ru; sameSite=Lax, _ttp=rWrXHKeQBoyFc4UE2Bmg1tQOoHk; expires=Sun, 02 Feb 2025 10:36:17 MSK; path=/; domain=.otus.ru; sameSite=Lax, advcake_session_id=df507e3a-88b8-3ecb-3d33-1ee53f65c611; expires=Thu, 08 Feb 2024 10:36:16 MSK; path=/; domain=.otus.ru;secure;; sameSite=None]
2024-01-09 22:38:17,369 INFO TestWithLogin [main] Драйвер поднят
2024-01-09 22:38:20,099 INFO TestWithLogin [main] Открыта страница отус
2024-01-09 22:47:51,058 INFO TestWithLogin [main] Драйвер поднят
2024-01-09 22:47:54,531 INFO TestWithLogin [main] Открыта страница отус
2024-01-09 22:50:44,914 INFO TestWithLogin [main] Драйвер поднят
2024-01-09 22:50:44,921 INFO TestWithLogin [main] this is info
2024-01-09 22:51:03,021 INFO TestWithLogin [main] Драйвер поднят
2024-01-09 22:51:06,532 INFO TestWithLogin [main] Открыта страница отус
2024-01-09 22:52:30,101 INFO TestWithLogin [main] Драйвер поднят
2024-01-09 22:52:30,111 INFO TestWithLogin [main] this is info
2024-01-09 22:53:20,001 INFO TestWithLogin [main] Драйвер поднят
2024-01-09 22:53:23,624 INFO TestWithLogin [main] Открыта страница отус
2024-01-09 23:12:38,680 INFO TestWithLogin [main] Драйвер поднят
2024-01-09 23:12:41,531 INFO TestWithLogin [main] Открыта страница отус
2024-01-09 23:13:28,116 INFO TestWithLogin [main] Драйвер поднят
2024-01-09 23:13:31,327 INFO TestWithLogin [main] Открыта страница отус
2024-01-09 23:15:00,991 INFO TestWithLogin [main] Драйвер поднят
2024-01-09 23:15:04,239 INFO TestWithLogin [main] Открыта страница отус
2024-01-09 23:15:09,800 INFO TestWithLogin [main] Вход осуществлен. Имя пользователя найдено
2024-01-09 23:15:09,863 INFO TestWithLogin [main] [auth_token_expires=1799439306; expires=Wed, 12 Feb 2025 11:15:06 MSK; path=/; domain=.otus.ru; sameSite=Lax, advcake_track_id=94eb8699-8625-11a4-3446-fd5a1346b0e3; expires=Thu, 08 Feb 2024 11:15:03 MSK; path=/; domain=.otus.ru;secure;; sameSite=None, oid=601afff6ad6e55da827becd7b6ed3924; expires=Wed, 12 Feb 2025 11:15:06 MSK; path=/; domain=.otus.ru; sameSite=Lax, sessionid=s30ju13c5szixth677xvagyoa5pzd8i5; expires=Mon, 08 Apr 2024 11:15:05 MSK; path=/; domain=otus.ru;secure;; sameSite=Lax, _ym_d=1704831304; expires=Wed, 08 Jan 2025 11:15:03 MSK; path=/; domain=.otus.ru;secure;; sameSite=None, _tt_enable_cookie=1; expires=Sun, 02 Feb 2025 11:15:03 MSK; path=/; domain=.otus.ru; sameSite=Lax, _ym_visorc=w; expires=Tue, 09 Jan 2024 11:45:04 MSK; path=/; domain=.otus.ru;secure;; sameSite=None, utm=utm_source%3Dtypein%26utm_medium%3Ddirect; expires=Wed, 12 Feb 2025 11:15:06 MSK; path=/; domain=.otus.ru; sameSite=Lax, _ym_uid=1704831304904953700; expires=Wed, 08 Jan 2025 11:15:03 MSK; path=/; domain=.otus.ru;secure;; sameSite=None, _ym_isad=2; expires=Wed, 10 Jan 2024 07:15:03 MSK; path=/; domain=.otus.ru;secure;; sameSite=None, _ga=GA1.1.1027846952.1704831303; expires=Wed, 12 Feb 2025 11:15:03 MSK; path=/; domain=.otus.ru; sameSite=Lax, _ga_N2GWLW9R5Z=GS1.1.1704831303.1.0.1704831303.60.0.0; expires=Wed, 12 Feb 2025 11:15:03 MSK; path=/; domain=.otus.ru; sameSite=Lax, auth_token=O4Wb5RnUl3LQjsqlO3wvbg; expires=Wed, 12 Feb 2025 11:15:06 MSK; path=/; domain=.otus.ru; sameSite=Lax, _ttp=iMAamTaOB3YQ1N3N1MxN2-VmKng; expires=Sun, 02 Feb 2025 11:15:03 MSK; path=/; domain=.otus.ru; sameSite=Lax, advcake_session_id=e51f9ea1-31f0-c1ab-286c-df86dd5e7624; expires=Thu, 08 Feb 2024 11:15:03 MSK; path=/; domain=.otus.ru;secure;; sameSite=None]
2024-01-10 01:07:58,652 INFO TestWithLogin [main] Драйвер поднят
2024-01-10 01:08:01,409 INFO TestWithLogin [main] Открыта страница отус
2024-01-10 01:08:05,057 INFO TestWithLogin [main] Вход осуществлен. Имя пользователя найдено
2024-01-10 01:08:05,105 INFO TestWithLogin [main] [auth_token_expires=1799446083; expires=Thu, 13 Feb 2025 01:08:03 MSK; path=/; domain=.otus.ru; sameSite=Lax, advcake_track_id=fb94f4f8-83f0-2776-8fd1-d4dec62ec2ab; expires=Fri, 09 Feb 2024 01:08:00 MSK; path=/; domain=.otus.ru;secure;; sameSite=None, oid=601afff6ad6e55da827becd7b6ed3924; expires=Thu, 13 Feb 2025 01:08:03 MSK; path=/; domain=.otus.ru; sameSite=Lax, sessionid=bq8x1rb184lgpe09u95o4yddmzn0hgxi; expires=Tue, 09 Apr 2024 01:08:02 MSK; path=/; domain=otus.ru;secure;; sameSite=Lax, _ym_d=1704838081; expires=Thu, 09 Jan 2025 01:08:00 MSK; path=/; domain=.otus.ru;secure;; sameSite=None, _tt_enable_cookie=1; expires=Mon, 03 Feb 2025 01:08:01 MSK; path=/; domain=.otus.ru; sameSite=Lax, _ym_visorc=w; expires=Wed, 10 Jan 2024 01:38:01 MSK; path=/; domain=.otus.ru;secure;; sameSite=None, utm=utm_source%3Dtypein%26utm_medium%3Ddirect; expires=Thu, 13 Feb 2025 01:08:03 MSK; path=/; domain=.otus.ru; sameSite=Lax, _ym_uid=170483808189730342; expires=Thu, 09 Jan 2025 01:08:00 MSK; path=/; domain=.otus.ru;secure;; sameSite=None, _ym_isad=2; expires=Wed, 10 Jan 2024 09:08:00 MSK; path=/; domain=.otus.ru;secure;; sameSite=None, _ga=GA1.1.1134232229.1704838081; expires=Thu, 13 Feb 2025 01:08:00 MSK; path=/; domain=.otus.ru; sameSite=Lax, _ga_N2GWLW9R5Z=GS1.1.1704838080.1.0.1704838080.60.0.0; expires=Thu, 13 Feb 2025 01:08:00 MSK; path=/; domain=.otus.ru; sameSite=Lax, auth_token=Mm6ZWd2QXUQEoF2VRMAGUQ; expires=Thu, 13 Feb 2025 01:08:03 MSK; path=/; domain=.otus.ru; sameSite=Lax, _ttp=0QiLXCgVQh4cVFmgJpRURxxhkZo; expires=Mon, 03 Feb 2025 01:08:01 MSK; path=/; domain=.otus.ru; sameSite=Lax, advcake_session_id=b9042bf2-cdde-0b77-e646-5c4841fd9d98; expires=Fri, 09 Feb 2024 01:08:00 MSK; path=/; domain=.otus.ru;secure;; sameSite=None]
2024-01-10 01:08:05,111 INFO TestWithLogin [main] Драйвер закрыт2024-01-10 02:08:54,329 INFO TestWithLogin [main] Драйвер поднят
2024-01-10 02:08:58,789 INFO TestWithLogin [main] Открыта страница отус
2024-01-10 02:09:02,499 INFO TestWithLogin [main] Вход осуществлен. Имя пользователя найдено
2024-01-10 02:09:02,518 INFO TestWithLogin [main] [auth_token_expires=1799449741; expires=Thu, 13 Feb 2025 02:09:01 MSK; path=/; domain=.otus.ru; sameSite=Lax, advcake_track_id=c54702b5-345f-05ee-d00d-5e46b6c24df9; expires=Fri, 09 Feb 2024 02:08:57 MSK; path=/; domain=.otus.ru;secure;; sameSite=None, oid=601afff6ad6e55da827becd7b6ed3924; expires=Thu, 13 Feb 2025 02:09:01 MSK; path=/; domain=.otus.ru; sameSite=Lax, sessionid=1z1c4273i93yxdno13e0i77t5p2am5bm; expires=Tue, 09 Apr 2024 02:09:00 MSK; path=/; domain=otus.ru;secure;; sameSite=Lax, _ym_d=1704841738; expires=Thu, 09 Jan 2025 02:08:57 MSK; path=/; domain=.otus.ru;secure;; sameSite=None, _tt_enable_cookie=1; expires=Mon, 03 Feb 2025 02:08:58 MSK; path=/; domain=.otus.ru; sameSite=Lax, _ym_visorc=w; expires=Wed, 10 Jan 2024 02:38:59 MSK; path=/; domain=.otus.ru;secure;; sameSite=None, utm=utm_source%3Dtypein%26utm_medium%3Ddirect; expires=Thu, 13 Feb 2025 02:09:01 MSK; path=/; domain=.otus.ru; sameSite=Lax, _ym_uid=1704841738172151966; expires=Thu, 09 Jan 2025 02:08:57 MSK; path=/; domain=.otus.ru;secure;; sameSite=None, _ym_isad=2; expires=Wed, 10 Jan 2024 10:08:57 MSK; path=/; domain=.otus.ru;secure;; sameSite=None, _ga=GA1.1.177745072.1704841737; expires=Thu, 13 Feb 2025 02:08:57 MSK; path=/; domain=.otus.ru; sameSite=Lax, _ga_N2GWLW9R5Z=GS1.1.1704841737.1.0.1704841737.60.0.0; expires=Thu, 13 Feb 2025 02:08:57 MSK; path=/; domain=.otus.ru; sameSite=Lax, auth_token=6DxhMbWUGlDsmuNu0SYWAQ; expires=Thu, 13 Feb 2025 02:09:01 MSK; path=/; domain=.otus.ru; sameSite=Lax, _ttp=BfdgNCEcGahfEgScbnLatP7fenz; expires=Mon, 03 Feb 2025 02:08:58 MSK; path=/; domain=.otus.ru; sameSite=Lax, advcake_session_id=58522d8f-14d6-bd11-5be9-2279fc9ac099; expires=Fri, 09 Feb 2024 02:08:57 MSK; path=/; domain=.otus.ru;secure;; sameSite=None]
2024-01-10 02:09:02,518 INFO TestWithLogin [main] Драйвер закрыт
2024-01-11 15:36:23,975 INFO TestWithLogin [main] Драйвер поднят
2024-01-11 15:36:32,694 INFO TestWithLogin [main] Открыта страница отус
2024-01-11 15:36:36,396 INFO TestWithLogin [main] Вход осуществлен. Имя пользователя найдено
2024-01-11 15:36:36,439 INFO TestWithLogin [main] [auth_token_expires=1799584596; expires=Fri, 14 Feb 2025 03:36:35 MSK; path=/; domain=.otus.ru; sameSite=Lax, advcake_track_id=0571dc69-9d33-8bd5-6620-3573fb449a99; expires=Sat, 10 Feb 2024 03:36:26 MSK; path=/; domain=.otus.ru;secure;; sameSite=None, oid=601afff6ad6e55da827becd7b6ed3924; expires=Fri, 14 Feb 2025 03:36:35 MSK; path=/; domain=.otus.ru; sameSite=Lax, sessionid=gorm2t84j9na7btsnbl07aqqzygp9qf3; expires=Wed, 10 Apr 2024 03:36:34 MSK; path=/; domain=otus.ru;secure;; sameSite=Lax, _ym_d=1704976587; expires=Fri, 10 Jan 2025 03:36:26 MSK; path=/; domain=.otus.ru;secure;; sameSite=None, _tt_enable_cookie=1; expires=Tue, 04 Feb 2025 03:36:27 MSK; path=/; domain=.otus.ru; sameSite=Lax, _ym_visorc=w; expires=Thu, 11 Jan 2024 04:06:27 MSK; path=/; domain=.otus.ru;secure;; sameSite=None, utm=utm_source%3Dtypein%26utm_medium%3Ddirect; expires=Fri, 14 Feb 2025 03:36:35 MSK; path=/; domain=.otus.ru; sameSite=Lax, _ym_uid=1704976587101412454; expires=Fri, 10 Jan 2025 03:36:26 MSK; path=/; domain=.otus.ru;secure;; sameSite=None, _ym_isad=2; expires=Fri, 12 Jan 2024 11:36:26 MSK; path=/; domain=.otus.ru;secure;; sameSite=None, _ga=GA1.1.361210167.1704976586; expires=Fri, 14 Feb 2025 03:36:26 MSK; path=/; domain=.otus.ru; sameSite=Lax, _ga_N2GWLW9R5Z=GS1.1.1704976586.1.0.1704976586.60.0.0; expires=Fri, 14 Feb 2025 03:36:26 MSK; path=/; domain=.otus.ru; sameSite=Lax, auth_token=D2WNIf3uY_9Q9U8WQmh4fQ; expires=Fri, 14 Feb 2025 03:36:35 MSK; path=/; domain=.otus.ru; sameSite=Lax, _ttp=PzOp5UXYad4qoS8AvnPu6eqZdr-; expires=Tue, 04 Feb 2025 03:36:27 MSK; path=/; domain=.otus.ru; sameSite=Lax, advcake_session_id=71fef651-7d5f-00ff-5063-67fc8fb0a6f1; expires=Sat, 10 Feb 2024 03:36:26 MSK; path=/; domain=.otus.ru;secure;; sameSite=None]
2024-01-11 15:36:36,451 INFO TestWithLogin [main] Драйвер закрыт
2024-01-19 11:15:37,833 INFO TestWithLogin [main] Драйвер поднят
2024-01-19 11:15:43,294 INFO TestWithLogin [main] Открыта страница отус
2024-01-19 11:15:47,234 INFO TestWithLogin [main] Вход осуществлен. Имя пользователя найдено
2024-01-19 11:15:47,281 INFO TestWithLogin [main] [auth_token_expires=1800260146; expires=Sat, 22 Feb 2025 11:15:46 MSK; path=/; domain=.otus.ru; sameSite=Lax, tmr_detect=0%7C1705652144395; expires=Sat, 20 Jan 2024 11:15:44 MSK; path=/; domain=otus.ru; sameSite=Lax, advcake_track_id=39113552-70e5-236e-ce1e-903a56851c16; expires=Sun, 18 Feb 2024 11:15:41 MSK; path=/; domain=.otus.ru;secure;; sameSite=None, oid=601afff6ad6e55da827becd7b6ed3924; expires=Sat, 22 Feb 2025 11:15:46 MSK; path=/; domain=.otus.ru; sameSite=Lax, sessionid=hd58nyhl0g9cbigqw0n50wyd9stub8tm; expires=Thu, 18 Apr 2024 11:15:45 MSK; path=/; domain=otus.ru;secure;; sameSite=Lax, _ym_d=1705652142; expires=Sat, 18 Jan 2025 11:15:41 MSK; path=/; domain=.otus.ru;secure;; sameSite=None, _tt_enable_cookie=1; expires=Wed, 12 Feb 2025 11:15:42 MSK; path=/; domain=.otus.ru; sameSite=Lax, _ym_visorc=b; expires=Fri, 19 Jan 2024 11:45:42 MSK; path=/; domain=.otus.ru;secure;; sameSite=None, tmr_lvid=fd93e2db34cf8d56a67ef5b6361389dd; expires=Tue, 17 Dec 2024 11:15:42 MSK; path=/; domain=.otus.ru; sameSite=Lax, utm=utm_source%3Dtypein%26utm_medium%3Ddirect; expires=Sat, 22 Feb 2025 11:15:46 MSK; path=/; domain=.otus.ru; sameSite=Lax, tmr_lvidTS=1705652142059; expires=Tue, 17 Dec 2024 11:15:42 MSK; path=/; domain=.otus.ru; sameSite=Lax, _ym_uid=1705652142731172792; expires=Sat, 18 Jan 2025 11:15:41 MSK; path=/; domain=.otus.ru;secure;; sameSite=None, _ym_isad=2; expires=Sat, 20 Jan 2024 07:15:42 MSK; path=/; domain=.otus.ru;secure;; sameSite=None, _ga=GA1.1.1929058824.1705652142; expires=Sat, 22 Feb 2025 11:15:42 MSK; path=/; domain=.otus.ru; sameSite=Lax, _ga_N2GWLW9R5Z=GS1.1.1705652142.1.0.1705652142.60.0.0; expires=Sat, 22 Feb 2025 11:15:42 MSK; path=/; domain=.otus.ru; sameSite=Lax, auth_token=KW7iW1sKWkKFicdAZtBCaA; expires=Sat, 22 Feb 2025 11:15:46 MSK; path=/; domain=.otus.ru; sameSite=Lax, _ttp=BnJINk7N9KOThtmB0CUUjN6_BB3; expires=Wed, 12 Feb 2025 11:15:42 MSK; path=/; domain=.otus.ru; sameSite=Lax, advcake_session_id=88da610f-73f8-3751-f617-c3fe11b1c796; expires=Sun, 18 Feb 2024 11:15:41 MSK; path=/; domain=.otus.ru;secure;; sameSite=None]
2024-01-19 11:15:47,291 INFO TestWithLogin [main] Драйвер закрыт
2024-01-19 14:44:42,669 INFO TestWithLogin [main] Драйвер поднят
2024-01-19 14:44:47,459 INFO TestWithLogin [main] Открыта страница отус
2024-01-19 14:45:52,443 INFO TestWithLogin [main] Драйвер поднят
2024-01-19 14:45:56,375 INFO TestWithLogin [main] Открыта страница отус
2024-01-19 14:49:20,552 INFO TestWithLogin [main] Драйвер поднят
2024-01-19 14:49:21,713 INFO TestWithLogin [main] Открыта страница отус
2024-01-19 14:51:21,454 INFO TestWithLogin [main] Драйвер поднят
2024-01-19 14:51:24,826 INFO TestWithLogin [main] Открыта страница отус
2024-01-19 14:52:50,031 INFO TestWithLogin [main] Драйвер поднят
2024-01-19 14:52:53,377 INFO TestWithLogin [main] Открыта страница отус
2024-01-19 14:53:53,974 INFO TestWithLogin [main] Драйвер поднят
2024-01-19 14:53:58,021 INFO TestWithLogin [main] Открыта страница отус
2024-01-19 14:55:06,124 INFO TestWithLogin [main] Драйвер поднят
2024-01-19 14:55:09,640 INFO TestWithLogin [main] Открыта страница отус
2024-01-19 14:55:13,290 INFO TestWithLogin [main] Вход не осуществлен. Имя пользователя не найдено.
2024-01-19 14:55:13,331 INFO TestWithLogin [main] [tmr_detect=0%7C1705665311347; expires=Sat, 20 Jan 2024 02:55:11 MSK; path=/; domain=otus.ru; sameSite=Lax, advcake_track_id=bf372018-3650-18ae-f606-afadc8b410b7; expires=Sun, 18 Feb 2024 02:55:09 MSK; path=/; domain=.otus.ru;secure;; sameSite=None, oid=5dd843b541762c1d78d8d8706237272d; expires=Sat, 22 Feb 2025 02:55:10 MSK; path=/; domain=.otus.ru; sameSite=Lax, _ym_d=1705665309; expires=Sat, 18 Jan 2025 02:55:08 MSK; path=/; domain=.otus.ru;secure;; sameSite=None, _tt_enable_cookie=1; expires=Wed, 12 Feb 2025 02:55:09 MSK; path=/; domain=.otus.ru; sameSite=Lax, _ym_visorc=w; expires=Fri, 19 Jan 2024 03:25:09 MSK; path=/; domain=.otus.ru;secure;; sameSite=None, tmr_lvid=399d81627d76d94293d637a7836d9f1e; expires=Tue, 17 Dec 2024 02:55:08 MSK; path=/; domain=.otus.ru; sameSite=Lax, utm=utm_source%3Dtypein%26utm_medium%3Ddirect; expires=Sat, 22 Feb 2025 02:55:10 MSK; path=/; domain=.otus.ru; sameSite=Lax, tmr_lvidTS=1705665308857; expires=Tue, 17 Dec 2024 02:55:08 MSK; path=/; domain=.otus.ru; sameSite=Lax, _ym_uid=1705665309656725536; expires=Sat, 18 Jan 2025 02:55:08 MSK; path=/; domain=.otus.ru;secure;; sameSite=None, _ym_isad=2; expires=Sat, 20 Jan 2024 10:55:09 MSK; path=/; domain=.otus.ru;secure;; sameSite=None, _ga=GA1.1.1640302772.1705665309; expires=Sat, 22 Feb 2025 02:55:09 MSK; path=/; domain=.otus.ru; sameSite=Lax, _ga_N2GWLW9R5Z=GS1.1.1705665309.1.0.1705665310.59.0.0; expires=Sat, 22 Feb 2025 02:55:10 MSK; path=/; domain=.otus.ru; sameSite=Lax, _ttp=vRLj_niN0AGj2c1XokfI8BG5Xr3; expires=Wed, 12 Feb 2025 02:55:09 MSK; path=/; domain=.otus.ru; sameSite=Lax, advcake_session_id=ebbfd894-25b5-d8cd-7a64-a648de2045ab; expires=Sun, 18 Feb 2024 02:55:09 MSK; path=/; domain=.otus.ru;secure;; sameSite=None]
2024-01-19 14:55:13,333 INFO TestWithLogin [main] Драйвер закрыт
2024-01-19 15:08:03,917 INFO TestWithLogin [main] Драйвер поднят
2024-01-19 15:08:07,028 INFO TestWithLogin [main] Открыта страница отус
2024-01-19 15:08:38,726 INFO TestWithLogin [main] Драйвер поднят
2024-01-19 15:08:42,203 INFO TestWithLogin [main] Открыта страница отус
2024-01-19 16:38:06,691 INFO TestWithLogin [main] Драйвер поднят
2024-01-19 16:38:11,367 INFO TestWithLogin [main] Открыта страница отус
2024-01-19 16:38:15,034 INFO TestWithLogin [main] Вход осуществлен. Имя пользователя найдено
2024-01-19 16:38:15,079 INFO TestWithLogin [main] [auth_token_expires=1800279493; expires=Sat, 22 Feb 2025 04:38:13 MSK; path=/; domain=.otus.ru; sameSite=Lax, tmr_detect=0%7C1705671493286; expires=Sat, 20 Jan 2024 04:38:13 MSK; path=/; domain=otus.ru; sameSite=Lax, advcake_track_id=5f9ff707-f578-4f3b-b9bb-b59530110e0b; expires=Sun, 18 Feb 2024 04:38:10 MSK; path=/; domain=.otus.ru;secure;; sameSite=None, oid=601afff6ad6e55da827becd7b6ed3924; expires=Sat, 22 Feb 2025 04:38:13 MSK; path=/; domain=.otus.ru; sameSite=Lax, sessionid=g1etuttz9xhfcq6xzyl2l0rovfodqoq7; expires=Thu, 18 Apr 2024 04:38:13 MSK; path=/; domain=otus.ru;secure;; sameSite=Lax, _ym_d=1705671491; expires=Sat, 18 Jan 2025 04:38:10 MSK; path=/; domain=.otus.ru;secure;; sameSite=None, _tt_enable_cookie=1; expires=Wed, 12 Feb 2025 04:38:11 MSK; path=/; domain=.otus.ru; sameSite=Lax, _ym_visorc=w; expires=Fri, 19 Jan 2024 05:08:11 MSK; path=/; domain=.otus.ru;secure;; sameSite=None, tmr_lvid=9bd07795103f32e4d49be529fe63fb7a; expires=Tue, 17 Dec 2024 04:38:10 MSK; path=/; domain=.otus.ru; sameSite=Lax, utm=utm_source%3Dtypein%26utm_medium%3Ddirect; expires=Sat, 22 Feb 2025 04:38:13 MSK; path=/; domain=.otus.ru; sameSite=Lax, tmr_lvidTS=1705671490594; expires=Tue, 17 Dec 2024 04:38:10 MSK; path=/; domain=.otus.ru; sameSite=Lax, _ym_uid=1705671491324358752; expires=Sat, 18 Jan 2025 04:38:10 MSK; path=/; domain=.otus.ru;secure;; sameSite=None, _ym_isad=2; expires=Sat, 20 Jan 2024 12:38:10 MSK; path=/; domain=.otus.ru;secure;; sameSite=None, _ga=GA1.1.1969369471.1705671491; expires=Sat, 22 Feb 2025 04:38:10 MSK; path=/; domain=.otus.ru; sameSite=Lax, _ga_N2GWLW9R5Z=GS1.1.1705671490.1.0.1705671490.60.0.0; expires=Sat, 22 Feb 2025 04:38:10 MSK; path=/; domain=.otus.ru; sameSite=Lax, auth_token=t3piaPgWEQLA-Amg2l6xjQ; expires=Sat, 22 Feb 2025 04:38:13 MSK; path=/; domain=.otus.ru; sameSite=Lax, _ttp=hjEC8sYze9eKh_u06x_5T7twY03; expires=Wed, 12 Feb 2025 04:38:11 MSK; path=/; domain=.otus.ru; sameSite=Lax, advcake_session_id=bd473763-0bbc-537a-adc1-6a62d7a4f415; expires=Sun, 18 Feb 2024 04:38:10 MSK; path=/; domain=.otus.ru;secure;; sameSite=None]
2024-01-19 16:38:15,082 INFO TestWithLogin [main] Драйвер закрыт
2024-01-19 16:38:16,221 INFO TestWithLogin [main] Драйвер поднят
2024-01-19 16:38:16,222 INFO TestWithLogin [main] this is info
2024-01-19 16:48:56,109 INFO TestWithLogin [main] Драйвер поднят
2024-01-19 16:49:01,353 INFO TestWithLogin [main] Открыта страница отус
2024-01-19 16:52:53,407 INFO TestWithLogin [main] Драйвер поднят
2024-01-19 16:52:57,141 INFO TestWithLogin [main] Открыта страница отус
2024-01-19 16:54:04,706 INFO TestWithLogin [main] Драйвер поднят
2024-01-19 16:54:08,921 INFO TestWithLogin [main] Открыта страница отус
2024-01-19 16:54:25,026 INFO TestWithLogin [main] Драйвер поднят
2024-01-19 16:54:30,182 INFO TestWithLogin [main] Открыта страница отус
2024-01-19 16:54:54,442 INFO TestWithLogin [main] Драйвер поднят
2024-01-19 16:54:58,157 INFO TestWithLogin [main] Открыта страница отус
2024-01-19 16:58:23,775 INFO TestWithLogin [main] Драйвер поднят
2024-01-19 16:58:27,696 INFO TestWithLogin [main] Открыта страница отус
2024-01-19 17:00:16,311 INFO TestWithLogin [main] Драйвер поднят
2024-01-19 17:00:21,106 INFO TestWithLogin [main] Открыта страница отус
2024-01-19 17:07:30,106 INFO TestWithLogin [main] Драйвер поднят
2024-01-19 17:07:35,023 INFO TestWithLogin [main] Открыта страница отус
2024-01-19 17:09:05,115 INFO TestWithLogin [main] Драйвер поднят
2024-01-19 17:09:08,611 INFO TestWithLogin [main] Открыта страница отус
2024-01-19 17:09:40,805 INFO TestWithLogin [main] Драйвер поднят
2024-01-19 17:09:45,829 INFO TestWithLogin [main] Открыта страница отус
2024-01-19 17:10:26,566 INFO TestWithLogin [main] Драйвер поднят
2024-01-19 17:10:31,375 INFO TestWithLogin [main] Открыта страница отус
2024-01-19 17:12:02,929 INFO TestWithLogin [main] Драйвер поднят
2024-01-19 17:12:07,073 INFO TestWithLogin [main] Открыта страница отус
2024-01-19 17:21:12,027 INFO TestWithLogin [main] Драйвер поднят
2024-01-19 17:21:16,311 INFO TestWithLogin [main] Открыта страница отус
2024-01-19 17:22:58,895 INFO TestWithLogin [main] Драйвер поднят
2024-01-19 17:23:03,442 INFO TestWithLogin [main] Открыта страница отус
2024-01-19 17:23:57,396 INFO TestWithLogin [main] Драйвер поднят
2024-01-19 17:23:58,547 INFO TestWithLogin [main] Открыта страница отус
2024-01-19 17:24:29,573 INFO TestWithLogin [main] Драйвер поднят
2024-01-19 17:24:34,619 INFO TestWithLogin [main] Открыта страница отус
2024-01-19 17:25:45,130 INFO TestWithLogin [main] Драйвер поднят
2024-01-19 17:25:49,730 INFO TestWithLogin [main] Открыта страница отус
2024-01-19 18:05:24,087 INFO TestWithLogin [main] ??????? ??????
2024-01-19 18:05:30,312 INFO TestWithLogin [main] ??????? ???????? ????
2024-01-19 18:06:43,803 INFO TestWithLogin [main] Драйвер поднят
2024-01-19 18:06:50,298 INFO TestWithLogin [main] Открыта страница отус
2024-01-19 18:10:41,633 INFO TestWithLogin [main] Драйвер поднят
2024-01-19 18:10:47,160 INFO TestWithLogin [main] Открыта страница отус
2024-01-19 18:16:34,011 INFO TestWithLogin [main] Драйвер поднят
2024-01-19 18:17:38,377 INFO TestWithLogin [main] Открыта страница отус
2024-01-19 18:24:07,610 INFO TestWithLogin [main] Драйвер поднят
2024-01-19 18:24:12,074 INFO TestWithLogin [main] Открыта страница отус
2024-01-20 23:12:51,025 INFO TestWithLogin [main] Драйвер поднят
2024-01-20 23:12:52,121 INFO TestWithLogin [main] Открыта страница отус
2024-01-20 23:13:59,673 INFO TestWithLogin [main] Драйвер поднят
2024-01-20 23:14:05,192 INFO TestWithLogin [main] Открыта страница отус
2024-01-20 23:14:50,613 INFO TestWithLogin [main] Драйвер поднят
2024-01-20 23:14:56,312 INFO TestWithLogin [main] Открыта страница отус
2024-01-20 23:14:57,049 INFO TestWithLogin [main] Вход осуществлен. Кнопка Выйти найдена
2024-01-20 23:14:57,108 INFO TestWithLogin [main] [advcake_track_id=a278a7d6-fa9c-14fa-c2c7-1b7b80423591; expires=Mon, 19 Feb 2024 11:14:55 MSK; path=/; domain=.otus.ru;secure;; sameSite=None, oid=43fb4ae892eb1062ca6978799dccf583; expires=Sun, 23 Feb 2025 11:14:56 MSK; path=/; domain=.otus.ru; sameSite=Lax, _ym_d=1705781696; expires=Sun, 19 Jan 2025 11:14:55 MSK; path=/; domain=.otus.ru;secure;; sameSite=None, _tt_enable_cookie=1; expires=Thu, 13 Feb 2025 11:14:55 MSK; path=/; domain=.otus.ru; sameSite=Lax, _ym_visorc=w; expires=Sat, 20 Jan 2024 11:44:56 MSK; path=/; domain=.otus.ru;secure;; sameSite=None, tmr_lvid=9dde05087939d45ce1ac9402ca5b5e23; expires=Wed, 18 Dec 2024 11:14:55 MSK; path=/; domain=.otus.ru; sameSite=Lax, utm=utm_source%3Dtypein%26utm_medium%3Ddirect; expires=Sun, 23 Feb 2025 11:14:56 MSK; path=/; domain=.otus.ru; sameSite=Lax, tmr_lvidTS=1705781695675; expires=Wed, 18 Dec 2024 11:14:55 MSK; path=/; domain=.otus.ru; sameSite=Lax, _ym_uid=1705781696252856779; expires=Sun, 19 Jan 2025 11:14:55 MSK; path=/; domain=.otus.ru;secure;; sameSite=None, _ym_isad=2; expires=Sun, 21 Jan 2024 07:14:55 MSK; path=/; domain=.otus.ru;secure;; sameSite=None, _ga=GA1.1.257686188.1705781695; expires=Sun, 23 Feb 2025 11:14:55 MSK; path=/; domain=.otus.ru; sameSite=Lax, _ga_N2GWLW9R5Z=GS1.1.1705781695.1.0.1705781695.60.0.0; expires=Sun, 23 Feb 2025 11:14:55 MSK; path=/; domain=.otus.ru; sameSite=Lax, _ttp=R5DAHbOdNM1cSxZbfVEql9QmHvw; expires=Thu, 13 Feb 2025 11:14:55 MSK; path=/; domain=.otus.ru; sameSite=Lax, advcake_session_id=8a87b558-ae8d-12b6-bc6e-c76548d878e2; expires=Mon, 19 Feb 2024 11:14:55 MSK; path=/; domain=.otus.ru;secure;; sameSite=None]
2024-01-20 23:14:57,114 INFO TestWithLogin [main] Драйвер закрыт
2024-01-20 23:15:46,719 INFO TestWithLogin [main] Драйвер поднят
2024-01-20 23:15:52,104 INFO TestWithLogin [main] Открыта страница отус
2024-01-20 23:15:52,872 INFO TestWithLogin [main] Вход осуществлен. Кнопка Выйти найдена
2024-01-20 23:15:52,961 INFO TestWithLogin [main] [advcake_track_id=c76958da-b8db-adbd-0e2e-32b611bc399b; expires=Mon, 19 Feb 2024 11:15:50 MSK; path=/; domain=.otus.ru;secure;; sameSite=None, oid=f9e3ee61165112ad6714025514c91e4b; expires=Sun, 23 Feb 2025 11:15:52 MSK; path=/; domain=.otus.ru; sameSite=Lax, _ym_d=1705781751; expires=Sun, 19 Jan 2025 11:15:51 MSK; path=/; domain=.otus.ru;secure;; sameSite=None, _tt_enable_cookie=1; expires=Thu, 13 Feb 2025 11:15:51 MSK; path=/; domain=.otus.ru; sameSite=Lax, _ym_visorc=w; expires=Sat, 20 Jan 2024 11:45:51 MSK; path=/; domain=.otus.ru;secure;; sameSite=None, tmr_lvid=be1db8ce833aa3dcae3c87f0c9e6c04a; expires=Wed, 18 Dec 2024 11:15:50 MSK; path=/; domain=.otus.ru; sameSite=Lax, utm=utm_source%3Dtypein%26utm_medium%3Ddirect; expires=Sun, 23 Feb 2025 11:15:52 MSK; path=/; domain=.otus.ru; sameSite=Lax, tmr_lvidTS=1705781750985; expires=Wed, 18 Dec 2024 11:15:50 MSK; path=/; domain=.otus.ru; sameSite=Lax, _ym_uid=1705781751569790410; expires=Sun, 19 Jan 2025 11:15:51 MSK; path=/; domain=.otus.ru;secure;; sameSite=None, _ym_isad=2; expires=Sun, 21 Jan 2024 07:15:51 MSK; path=/; domain=.otus.ru;secure;; sameSite=None, _ga=GA1.1.1821759561.1705781752; expires=Sun, 23 Feb 2025 11:15:51 MSK; path=/; domain=.otus.ru; sameSite=Lax, _ga_N2GWLW9R5Z=GS1.1.1705781751.1.0.1705781751.60.0.0; expires=Sun, 23 Feb 2025 11:15:51 MSK; path=/; domain=.otus.ru; sameSite=Lax, _ttp=gpaB9RnumUG6UcZogspko97dRbc; expires=Thu, 13 Feb 2025 11:15:51 MSK; path=/; domain=.otus.ru; sameSite=Lax, advcake_session_id=e0739a0d-6e76-66d3-4893-3af3e5e65d9b; expires=Mon, 19 Feb 2024 11:15:50 MSK; path=/; domain=.otus.ru;secure;; sameSite=None]
2024-01-20 23:15:52,964 INFO TestWithLogin [main] Драйвер закрыт
2024-01-20 23:15:54,947 INFO TestWithLogin [main] Драйвер поднят
2024-01-20 23:15:54,948 INFO TestWithLogin [main] this is info
2024-01-20 23:23:27,874 INFO TestWithLogin [main] Драйвер поднят
2024-01-20 23:23:29,299 INFO TestWithLogin [main] Открыта страница отус
2024-01-20 23:23:33,780 INFO TestWithLogin [main] Вход осуществлен. Кнопка Выйти найдена
2024-01-20 23:23:33,889 INFO TestWithLogin [main] [advcake_track_id=279d8cf3-38f2-8f2e-42a1-f3775b1ed441; expires=Mon, 19 Feb 2024 11:23:32 MSK; path=/; domain=.otus.ru;secure;; sameSite=None, oid=5fcea9d815c7c61b630aeed25a4f3c03; expires=Sun, 23 Feb 2025 11:23:33 MSK; path=/; domain=.otus.ru; sameSite=Lax, _ym_d=1705782212; expires=Sun, 19 Jan 2025 11:23:32 MSK; path=/; domain=.otus.ru;secure;; sameSite=None, _tt_enable_cookie=1; expires=Thu, 13 Feb 2025 11:23:32 MSK; path=/; domain=.otus.ru; sameSite=Lax, _ym_visorc=b; expires=Sat, 20 Jan 2024 11:53:33 MSK; path=/; domain=.otus.ru;secure;; sameSite=None, tmr_lvid=021ffaebf01feb7ae7896db8e86972a9; expires=Wed, 18 Dec 2024 11:23:32 MSK; path=/; domain=.otus.ru; sameSite=Lax, utm=utm_source%3Dtypein%26utm_medium%3Ddirect; expires=Sun, 23 Feb 2025 11:23:33 MSK; path=/; domain=.otus.ru; sameSite=Lax, tmr_lvidTS=1705782212005; expires=Wed, 18 Dec 2024 11:23:32 MSK; path=/; domain=.otus.ru; sameSite=Lax, _ym_uid=1705782212450827999; expires=Sun, 19 Jan 2025 11:23:32 MSK; path=/; domain=.otus.ru;secure;; sameSite=None, _ym_isad=2; expires=Sun, 21 Jan 2024 07:23:32 MSK; path=/; domain=.otus.ru;secure;; sameSite=None, _ga=GA1.1.1258264165.1705782213; expires=Sun, 23 Feb 2025 11:23:32 MSK; path=/; domain=.otus.ru; sameSite=Lax, _ga_N2GWLW9R5Z=GS1.1.1705782212.1.0.1705782212.60.0.0; expires=Sun, 23 Feb 2025 11:23:32 MSK; path=/; domain=.otus.ru; sameSite=Lax, _ttp=gO_kp20sYbxhJ6oTROfQ9fvvaOK; expires=Thu, 13 Feb 2025 11:23:32 MSK; path=/; domain=.otus.ru; sameSite=Lax, advcake_session_id=fd6f24b0-3477-ddd2-c99a-952b270617f1; expires=Mon, 19 Feb 2024 11:23:32 MSK; path=/; domain=.otus.ru;secure;; sameSite=None]
2024-01-20 23:23:33,892 INFO TestWithLogin [main] Драйвер закрыт
2024-01-20 23:24:04,524 INFO TestWithLogin [main] Драйвер поднят
2024-01-20 23:24:09,062 INFO TestWithLogin [main] Открыта страница отус
2024-01-20 23:24:09,642 INFO TestWithLogin [main] Вход осуществлен. Кнопка Выйти найдена
2024-01-20 23:24:09,663 INFO TestWithLogin [main] [advcake_track_id=7c3482c4-e87d-4f92-4c2a-db0e3b728723; expires=Mon, 19 Feb 2024 11:24:08 MSK; path=/; domain=.otus.ru;secure;; sameSite=None, oid=7df5fcc941face10f6af3d427671be13; expires=Sun, 23 Feb 2025 11:24:09 MSK; path=/; domain=.otus.ru; sameSite=Lax, _ym_d=1705782248; expires=Sun, 19 Jan 2025 11:24:08 MSK; path=/; domain=.otus.ru;secure;; sameSite=None, _tt_enable_cookie=1; expires=Thu, 13 Feb 2025 11:24:08 MSK; path=/; domain=.otus.ru; sameSite=Lax, _ym_visorc=w; expires=Sat, 20 Jan 2024 11:54:09 MSK; path=/; domain=.otus.ru;secure;; sameSite=None, tmr_lvid=672741e592247f0c8f68d3795c906432; expires=Wed, 18 Dec 2024 11:24:08 MSK; path=/; domain=.otus.ru; sameSite=Lax, utm=utm_source%3Dtypein%26utm_medium%3Ddirect; expires=Sun, 23 Feb 2025 11:24:09 MSK; path=/; domain=.otus.ru; sameSite=Lax, tmr_lvidTS=1705782248089; expires=Wed, 18 Dec 2024 11:24:08 MSK; path=/; domain=.otus.ru; sameSite=Lax, _ym_uid=170578224892058446; expires=Sun, 19 Jan 2025 11:24:08 MSK; path=/; domain=.otus.ru;secure;; sameSite=None, _ym_isad=2; expires=Sun, 21 Jan 2024 07:24:08 MSK; path=/; domain=.otus.ru;secure;; sameSite=None, _ga=GA1.1.1459743343.1705782249; expires=Sun, 23 Feb 2025 11:24:08 MSK; path=/; domain=.otus.ru; sameSite=Lax, _ga_N2GWLW9R5Z=GS1.1.1705782248.1.0.1705782248.60.0.0; expires=Sun, 23 Feb 2025 11:24:08 MSK; path=/; domain=.otus.ru; sameSite=Lax, _ttp=Kn8mGbOcXlvmVBfHx5PDbHArAu-; expires=Thu, 13 Feb 2025 11:24:08 MSK; path=/; domain=.otus.ru; sameSite=Lax, advcake_session_id=5737fb29-5fea-aadf-8214-e7204dbc39a0; expires=Mon, 19 Feb 2024 11:24:08 MSK; path=/; domain=.otus.ru;secure;; sameSite=None]
2024-01-20 23:24:09,664 INFO TestWithLogin [main] Драйвер закрыт
2024-01-20 23:24:50,124 INFO TestWithLogin [main] Драйвер поднят
2024-01-20 23:24:55,066 INFO TestWithLogin [main] Открыта страница отус
2024-01-20 23:24:55,750 INFO TestWithLogin [main] Вход осуществлен. Кнопка Выйти найдена
2024-01-20 23:24:55,802 INFO TestWithLogin [main] [advcake_track_id=d8d64db3-cfc9-110f-c1f0-b10ef651b59f; expires=Mon, 19 Feb 2024 11:24:54 MSK; path=/; domain=.otus.ru;secure;; sameSite=None, oid=692fe98e7a50cb31ed5adb5d2605bd33; expires=Sun, 23 Feb 2025 11:24:55 MSK; path=/; domain=.otus.ru; sameSite=Lax, _ym_d=1705782294; expires=Sun, 19 Jan 2025 11:24:54 MSK; path=/; domain=.otus.ru;secure;; sameSite=None, _tt_enable_cookie=1; expires=Thu, 13 Feb 2025 11:24:54 MSK; path=/; domain=.otus.ru; sameSite=Lax, _ym_visorc=w; expires=Sat, 20 Jan 2024 11:54:55 MSK; path=/; domain=.otus.ru;secure;; sameSite=None, tmr_lvid=c7b47766a256d701bfb50bb8cc54a55f; expires=Wed, 18 Dec 2024 11:24:54 MSK; path=/; domain=.otus.ru; sameSite=Lax, utm=utm_source%3Dtypein%26utm_medium%3Ddirect; expires=Sun, 23 Feb 2025 11:24:55 MSK; path=/; domain=.otus.ru; sameSite=Lax, tmr_lvidTS=1705782294097; expires=Wed, 18 Dec 2024 11:24:54 MSK; path=/; domain=.otus.ru; sameSite=Lax, _ym_uid=1705782294489574212; expires=Sun, 19 Jan 2025 11:24:54 MSK; path=/; domain=.otus.ru;secure;; sameSite=None, _ym_isad=2; expires=Sun, 21 Jan 2024 07:24:54 MSK; path=/; domain=.otus.ru;secure;; sameSite=None, _ga=GA1.1.1715970620.1705782295; expires=Sun, 23 Feb 2025 11:24:54 MSK; path=/; domain=.otus.ru; sameSite=Lax, _ga_N2GWLW9R5Z=GS1.1.1705782294.1.0.1705782294.60.0.0; expires=Sun, 23 Feb 2025 11:24:54 MSK; path=/; domain=.otus.ru; sameSite=Lax, _ttp=ozPCPpxH0_J0M5XRq52Cp3OUF-z; expires=Thu, 13 Feb 2025 11:24:54 MSK; path=/; domain=.otus.ru; sameSite=Lax, advcake_session_id=d6b5e3eb-1fbe-6dc9-982e-f9926deea493; expires=Mon, 19 Feb 2024 11:24:54 MSK; path=/; domain=.otus.ru;secure;; sameSite=None]
2024-01-20 23:24:55,807 INFO TestWithLogin [main] Драйвер закрыт
2024-01-20 23:25:10,613 INFO TestWithLogin [main] Драйвер поднят
2024-01-20 23:25:16,005 INFO TestWithLogin [main] Открыта страница отус
2024-01-20 23:25:16,597 INFO TestWithLogin [main] Вход осуществлен. Кнопка Выйти найдена
2024-01-20 23:25:16,675 INFO TestWithLogin [main] [advcake_track_id=b982663b-489c-ac59-4ede-a70576a432d6; expires=Mon, 19 Feb 2024 11:25:14 MSK; path=/; domain=.otus.ru;secure;; sameSite=None, oid=29a98512641289bdbadaaeaa5964c05f; expires=Sun, 23 Feb 2025 11:25:16 MSK; path=/; domain=.otus.ru; sameSite=Lax, _ym_d=1705782315; expires=Sun, 19 Jan 2025 11:25:14 MSK; path=/; domain=.otus.ru;secure;; sameSite=None, _tt_enable_cookie=1; expires=Thu, 13 Feb 2025 11:25:15 MSK; path=/; domain=.otus.ru; sameSite=Lax, _ym_visorc=b; expires=Sat, 20 Jan 2024 11:55:15 MSK; path=/; domain=.otus.ru;secure;; sameSite=None, tmr_lvid=6f50a3c739165ca3a24cd519476c1414; expires=Wed, 18 Dec 2024 11:25:14 MSK; path=/; domain=.otus.ru; sameSite=Lax, utm=utm_source%3Dtypein%26utm_medium%3Ddirect; expires=Sun, 23 Feb 2025 11:25:16 MSK; path=/; domain=.otus.ru; sameSite=Lax, tmr_lvidTS=1705782314673; expires=Wed, 18 Dec 2024 11:25:14 MSK; path=/; domain=.otus.ru; sameSite=Lax, _ym_uid=1705782315460046030; expires=Sun, 19 Jan 2025 11:25:14 MSK; path=/; domain=.otus.ru;secure;; sameSite=None, _ym_isad=2; expires=Sun, 21 Jan 2024 07:25:14 MSK; path=/; domain=.otus.ru;secure;; sameSite=None, _ga=GA1.1.728912152.1705782315; expires=Sun, 23 Feb 2025 11:25:14 MSK; path=/; domain=.otus.ru; sameSite=Lax, _ga_N2GWLW9R5Z=GS1.1.1705782314.1.0.1705782314.60.0.0; expires=Sun, 23 Feb 2025 11:25:14 MSK; path=/; domain=.otus.ru; sameSite=Lax, _ttp=8UQHAOm6kHWvg-dXNmxLUCQrmAR; expires=Thu, 13 Feb 2025 11:25:15 MSK; path=/; domain=.otus.ru; sameSite=Lax, advcake_session_id=6ea1587b-adfd-1cf2-5bbb-681c35932977; expires=Mon, 19 Feb 2024 11:25:14 MSK; path=/; domain=.otus.ru;secure;; sameSite=None]
2024-01-20 23:25:16,680 INFO TestWithLogin [main] Драйвер закрыт
2024-01-20 23:26:08,356 INFO TestWithLogin [main] Драйвер поднят
2024-01-20 23:26:13,686 INFO TestWithLogin [main] Открыта страница отус
2024-01-20 23:26:14,340 INFO TestWithLogin [main] Вход осуществлен. Кнопка Выйти найдена
2024-01-20 23:26:14,404 INFO TestWithLogin [main] [advcake_track_id=e17f7ec5-41aa-39ff-139d-035bf84996af; expires=Mon, 19 Feb 2024 11:26:12 MSK; path=/; domain=.otus.ru;secure;; sameSite=None, oid=68f533e1ff7594671bece3d5ede465df; expires=Sun, 23 Feb 2025 11:26:14 MSK; path=/; domain=.otus.ru; sameSite=Lax, _ym_d=1705782373; expires=Sun, 19 Jan 2025 11:26:13 MSK; path=/; domain=.otus.ru;secure;; sameSite=None, _tt_enable_cookie=1; expires=Thu, 13 Feb 2025 11:26:13 MSK; path=/; domain=.otus.ru; sameSite=Lax, _ym_visorc=w; expires=Sat, 20 Jan 2024 11:56:14 MSK; path=/; domain=.otus.ru;secure;; sameSite=None, tmr_lvid=9da0f879f2f2c938a599b8ff308f3cc8; expires=Wed, 18 Dec 2024 11:26:12 MSK; path=/; domain=.otus.ru; sameSite=Lax, utm=utm_source%3Dtypein%26utm_medium%3Ddirect; expires=Sun, 23 Feb 2025 11:26:14 MSK; path=/; domain=.otus.ru; sameSite=Lax, tmr_lvidTS=1705782372856; expires=Wed, 18 Dec 2024 11:26:12 MSK; path=/; domain=.otus.ru; sameSite=Lax, _ym_uid=1705782373234052162; expires=Sun, 19 Jan 2025 11:26:13 MSK; path=/; domain=.otus.ru;secure;; sameSite=None, _ym_isad=2; expires=Sun, 21 Jan 2024 07:26:13 MSK; path=/; domain=.otus.ru;secure;; sameSite=None, _ga=GA1.1.531505945.1705782373; expires=Sun, 23 Feb 2025 11:26:12 MSK; path=/; domain=.otus.ru; sameSite=Lax, _ga_N2GWLW9R5Z=GS1.1.1705782372.1.0.1705782372.60.0.0; expires=Sun, 23 Feb 2025 11:26:12 MSK; path=/; domain=.otus.ru; sameSite=Lax, _ttp=X_sioV_PeFnuBz0veKMXn8EkR5m; expires=Thu, 13 Feb 2025 11:26:13 MSK; path=/; domain=.otus.ru; sameSite=Lax, advcake_session_id=7657d7d5-68ee-34ae-aeab-288b78749c81; expires=Mon, 19 Feb 2024 11:26:12 MSK; path=/; domain=.otus.ru;secure;; sameSite=None]
2024-01-20 23:26:14,409 INFO TestWithLogin [main] Драйвер закрыт
2024-01-20 23:28:59,130 INFO TestWithLogin [main] Драйвер поднят
2024-01-20 23:29:05,351 INFO TestWithLogin [main] Открыта страница отус
2024-01-20 23:29:06,134 INFO TestWithLogin [main] Вход осуществлен. Кнопка Выйти найдена
2024-01-20 23:29:06,222 INFO TestWithLogin [main] [advcake_track_id=3d53ffd8-9836-c055-1930-e1a894063736; expires=Mon, 19 Feb 2024 11:29:03 MSK; path=/; domain=.otus.ru;secure;; sameSite=None, oid=21b6989cf48bff842b5570c7a1e76767; expires=Sun, 23 Feb 2025 11:29:05 MSK; path=/; domain=.otus.ru; sameSite=Lax, _ym_d=1705782544; expires=Sun, 19 Jan 2025 11:29:04 MSK; path=/; domain=.otus.ru;secure;; sameSite=None, _tt_enable_cookie=1; expires=Thu, 13 Feb 2025 11:29:04 MSK; path=/; domain=.otus.ru; sameSite=Lax, _ym_visorc=w; expires=Sat, 20 Jan 2024 11:59:05 MSK; path=/; domain=.otus.ru;secure;; sameSite=None, tmr_lvid=21fc3b6fc2fdacc740441589753a2f98; expires=Wed, 18 Dec 2024 11:29:03 MSK; path=/; domain=.otus.ru; sameSite=Lax, utm=utm_source%3Dtypein%26utm_medium%3Ddirect; expires=Sun, 23 Feb 2025 11:29:05 MSK; path=/; domain=.otus.ru; sameSite=Lax, tmr_lvidTS=1705782543782; expires=Wed, 18 Dec 2024 11:29:03 MSK; path=/; domain=.otus.ru; sameSite=Lax, _ym_uid=1705782544871307730; expires=Sun, 19 Jan 2025 11:29:04 MSK; path=/; domain=.otus.ru;secure;; sameSite=None, _ym_isad=2; expires=Sun, 21 Jan 2024 07:29:04 MSK; path=/; domain=.otus.ru;secure;; sameSite=None, _ga=GA1.1.1665048554.1705782545; expires=Sun, 23 Feb 2025 11:29:04 MSK; path=/; domain=.otus.ru; sameSite=Lax, _ga_N2GWLW9R5Z=GS1.1.1705782544.1.0.1705782544.60.0.0; expires=Sun, 23 Feb 2025 11:29:04 MSK; path=/; domain=.otus.ru; sameSite=Lax, _ttp=kmQqMcZGP45vW1T3-1zfiNkcz0F; expires=Thu, 13 Feb 2025 11:29:04 MSK; path=/; domain=.otus.ru; sameSite=Lax, advcake_session_id=2084da1a-dec4-5e95-0e0c-a6c89abe8927; expires=Mon, 19 Feb 2024 11:29:03 MSK; path=/; domain=.otus.ru;secure;; sameSite=None]
2024-01-20 23:29:06,233 INFO TestWithLogin [main] Драйвер закрыт
2024-01-21 00:00:14,156 INFO TestWithLogin [main] Драйвер поднят
2024-01-21 00:00:19,730 INFO TestWithLogin [main] Открыта страница отус
2024-01-21 00:00:20,581 INFO TestWithLogin [main] Вход осуществлен. Кнопка Выйти найдена
2024-01-21 00:00:20,646 INFO TestWithLogin [main] [advcake_track_id=09abda67-0f74-e5a7-a9fe-80b8930c7711; expires=Tue, 20 Feb 2024 12:00:18 MSK; path=/; domain=.otus.ru;secure;; sameSite=None, oid=99f224bccd7219e7aa865d8cab3c5834; expires=Mon, 24 Feb 2025 12:00:20 MSK; path=/; domain=.otus.ru; sameSite=Lax, _ym_d=1705784419; expires=Mon, 20 Jan 2025 12:00:19 MSK; path=/; domain=.otus.ru;secure;; sameSite=None, _tt_enable_cookie=1; expires=Fri, 14 Feb 2025 12:00:18 MSK; path=/; domain=.otus.ru; sameSite=Lax, _ym_visorc=b; expires=Sun, 21 Jan 2024 12:30:20 MSK; path=/; domain=.otus.ru;secure;; sameSite=None, tmr_lvid=f6b5fff8dcfe493f790da14421aeb7d2; expires=Thu, 19 Dec 2024 12:00:18 MSK; path=/; domain=.otus.ru; sameSite=Lax, utm=utm_source%3Dtypein%26utm_medium%3Ddirect; expires=Mon, 24 Feb 2025 12:00:20 MSK; path=/; domain=.otus.ru; sameSite=Lax, tmr_lvidTS=1705784418558; expires=Thu, 19 Dec 2024 12:00:18 MSK; path=/; domain=.otus.ru; sameSite=Lax, _ym_uid=1705784419101742228; expires=Mon, 20 Jan 2025 12:00:19 MSK; path=/; domain=.otus.ru;secure;; sameSite=None, _ym_isad=2; expires=Sun, 21 Jan 2024 08:00:19 MSK; path=/; domain=.otus.ru;secure;; sameSite=None, _ga=GA1.1.214611605.1705784418; expires=Mon, 24 Feb 2025 12:00:18 MSK; path=/; domain=.otus.ru; sameSite=Lax, _ga_N2GWLW9R5Z=GS1.1.1705784418.1.0.1705784418.60.0.0; expires=Mon, 24 Feb 2025 12:00:18 MSK; path=/; domain=.otus.ru; sameSite=Lax, _ttp=0L8SnvlpMe4CFnEH-Mr1sE4iAAl; expires=Fri, 14 Feb 2025 12:00:18 MSK; path=/; domain=.otus.ru; sameSite=Lax, advcake_session_id=9b7359c6-b777-d018-b1db-b54fe1fe09c9; expires=Tue, 20 Feb 2024 12:00:18 MSK; path=/; domain=.otus.ru;secure;; sameSite=None]
2024-01-21 00:00:20,652 INFO TestWithLogin [main] Драйвер закрыт
2024-01-21 00:00:23,162 INFO TestWithLogin [main] Драйвер поднят
2024-01-21 00:00:23,164 INFO TestWithLogin [main] this is info
2024-01-21 00:03:38,373 INFO TestWithLogin [main] Драйвер поднят
2024-01-21 00:03:39,793 INFO TestWithLogin [main] Открыта страница отус
2024-01-21 00:03:45,007 INFO TestWithLogin [main] Вход осуществлен. Кнопка Выйти найдена
2024-01-21 00:03:45,093 INFO TestWithLogin [main] [advcake_track_id=8e6e9188-3e3d-e575-4971-0f6501c5c3a1; expires=Tue, 20 Feb 2024 12:03:43 MSK; path=/; domain=.otus.ru;secure;; sameSite=None, oid=3d2d1282540b0ee3249b6a7494c179a6; expires=Mon, 24 Feb 2025 12:03:44 MSK; path=/; domain=.otus.ru; sameSite=Lax, _ym_d=1705784623; expires=Mon, 20 Jan 2025 12:03:43 MSK; path=/; domain=.otus.ru;secure;; sameSite=None, _tt_enable_cookie=1; expires=Fri, 14 Feb 2025 12:03:43 MSK; path=/; domain=.otus.ru; sameSite=Lax, _ym_visorc=w; expires=Sun, 21 Jan 2024 12:33:44 MSK; path=/; domain=.otus.ru;secure;; sameSite=None, tmr_lvid=78937abe3ee6da7ac47c7b82a6deae57; expires=Thu, 19 Dec 2024 12:03:43 MSK; path=/; domain=.otus.ru; sameSite=Lax, utm=utm_source%3Dtypein%26utm_medium%3Ddirect; expires=Mon, 24 Feb 2025 12:03:44 MSK; path=/; domain=.otus.ru; sameSite=Lax, tmr_lvidTS=1705784623200; expires=Thu, 19 Dec 2024 12:03:43 MSK; path=/; domain=.otus.ru; sameSite=Lax, _ym_uid=1705784623169719850; expires=Mon, 20 Jan 2025 12:03:43 MSK; path=/; domain=.otus.ru;secure;; sameSite=None, _ym_isad=2; expires=Sun, 21 Jan 2024 08:03:43 MSK; path=/; domain=.otus.ru;secure;; sameSite=None, _ga=GA1.1.910816841.1705784624; expires=Mon, 24 Feb 2025 12:03:43 MSK; path=/; domain=.otus.ru; sameSite=Lax, _ga_N2GWLW9R5Z=GS1.1.1705784623.1.0.1705784623.60.0.0; expires=Mon, 24 Feb 2025 12:03:43 MSK; path=/; domain=.otus.ru; sameSite=Lax, _ttp=5h6c1GuqPOLmfN8DNmx1z-w_s_I; expires=Fri, 14 Feb 2025 12:03:43 MSK; path=/; domain=.otus.ru; sameSite=Lax, advcake_session_id=43ba41b7-b501-d4e7-1d7a-dfafcb986f38; expires=Tue, 20 Feb 2024 12:03:43 MSK; path=/; domain=.otus.ru;secure;; sameSite=None]
2024-01-21 00:03:45,098 INFO TestWithLogin [main] Драйвер закрыт
2024-01-21 00:03:46,757 INFO TestWithLogin [main] Драйвер поднят
2024-01-21 00:03:46,758 INFO TestWithLogin [main] this is info
2024-01-21 00:05:59,505 INFO TestWithLogin [main] Драйвер поднят
2024-01-21 00:06:05,822 INFO TestWithLogin [main] Открыта страница отус
2024-01-21 00:06:07,370 INFO TestWithLogin [main] Вход осуществлен. Кнопка Выйти найдена
2024-01-21 00:06:07,474 INFO TestWithLogin [main] [advcake_track_id=f2c8fe11-e452-805e-d54a-68031556e9fa; expires=Tue, 20 Feb 2024 12:06:04 MSK; path=/; domain=.otus.ru;secure;; sameSite=None, oid=8e0f4bbba53658e76428f8238c443c27; expires=Mon, 24 Feb 2025 12:06:06 MSK; path=/; domain=.otus.ru; sameSite=Lax, _ym_d=1705784765; expires=Mon, 20 Jan 2025 12:06:04 MSK; path=/; domain=.otus.ru;secure;; sameSite=None, _tt_enable_cookie=1; expires=Fri, 14 Feb 2025 12:06:05 MSK; path=/; domain=.otus.ru; sameSite=Lax, _ym_visorc=b; expires=Sun, 21 Jan 2024 12:36:06 MSK; path=/; domain=.otus.ru;secure;; sameSite=None, tmr_lvid=b1de1a7294e494bca53995c017975d06; expires=Thu, 19 Dec 2024 12:06:04 MSK; path=/; domain=.otus.ru; sameSite=Lax, utm=utm_source%3Dtypein%26utm_medium%3Ddirect; expires=Mon, 24 Feb 2025 12:06:06 MSK; path=/; domain=.otus.ru; sameSite=Lax, tmr_lvidTS=1705784764756; expires=Thu, 19 Dec 2024 12:06:04 MSK; path=/; domain=.otus.ru; sameSite=Lax, _ym_uid=1705784765259883401; expires=Mon, 20 Jan 2025 12:06:04 MSK; path=/; domain=.otus.ru;secure;; sameSite=None, _ym_isad=2; expires=Sun, 21 Jan 2024 08:06:04 MSK; path=/; domain=.otus.ru;secure;; sameSite=None, _ga=GA1.1.643709083.1705784765; expires=Mon, 24 Feb 2025 12:06:04 MSK; path=/; domain=.otus.ru; sameSite=Lax, _ga_N2GWLW9R5Z=GS1.1.1705784764.1.0.1705784764.60.0.0; expires=Mon, 24 Feb 2025 12:06:04 MSK; path=/; domain=.otus.ru; sameSite=Lax, _ttp=_ncKhmk0tDrWUcsbzrtZu_UlbOs; expires=Fri, 14 Feb 2025 12:06:05 MSK; path=/; domain=.otus.ru; sameSite=Lax, advcake_session_id=463cfa72-901d-1808-23af-dfc92b51fa27; expires=Tue, 20 Feb 2024 12:06:04 MSK; path=/; domain=.otus.ru;secure;; sameSite=None]
2024-01-21 00:06:07,478 INFO TestWithLogin [main] Драйвер закрыт
